[INFO] Scanning for projects...
[INFO] 
[INFO] ----------< org.example:agricultural-crop-management-backend >----------
[INFO] Building QuanLyMuaVu 0.0.1-SNAPSHOT
[INFO]   from pom.xml
[INFO] --------------------------------[ jar ]---------------------------------
[INFO] 
[INFO] --- resources:3.3.1:resources (default-resources) @ agricultural-crop-management-backend ---
[INFO] Copying 2 resources from src\main\resources to target\classes
[INFO] Copying 1 resource from src\main\resources to target\classes
[INFO] 
[INFO] --- compiler:3.14.0:compile (default-compile) @ agricultural-crop-management-backend ---
[INFO] Recompiling the module because of changed source code.
[INFO] Compiling 261 source files with javac [debug parameters release 17] to target\classes
[INFO] -------------------------------------------------------------
[ERROR] COMPILATION ERROR : 
[INFO] -------------------------------------------------------------
[ERROR] /C:/Users/Admin/Documents/GitHub/ACMNHAP/agricultural-crop-management-backend/src/main/java/org/example/QuanLyMuaVu/Service/AdminReportsService.java:[208,86] cannot find symbol
  symbol:   method getFarmName()
  location: variable farm of type org.example.QuanLyMuaVu.Entity.Farm
[ERROR] /C:/Users/Admin/Documents/GitHub/ACMNHAP/agricultural-crop-management-backend/src/main/java/org/example/QuanLyMuaVu/Service/AdminReportsService.java:[475,78] cannot find symbol
  symbol:   method getFarmName()
  location: variable farm of type org.example.QuanLyMuaVu.Entity.Farm
[INFO] 2 errors 
[INFO] -------------------------------------------------------------
[INFO] ------------------------------------------------------------------------
[INFO] BUILD FAILURE
[INFO] ------------------------------------------------------------------------
[INFO] Total time:  8.723 s
[INFO] Finished at: 2025-12-25T02:38:40+07:00
[INFO] ------------------------------------------------------------------------
[ERROR] Failed to execute goal org.apache.maven.plugins:maven-compiler-plugin:3.14.0:compile (default-compile) on project agricultural-crop-management-backend: Compilation failure: Compilation failure: 
[ERROR] /C:/Users/Admin/Documents/GitHub/ACMNHAP/agricultural-crop-management-backend/src/main/java/org/example/QuanLyMuaVu/Service/AdminReportsService.java:[208,86] cannot find symbol
[ERROR]   symbol:   method getFarmName()
[ERROR]   location: variable farm of type org.example.QuanLyMuaVu.Entity.Farm
[ERROR] /C:/Users/Admin/Documents/GitHub/ACMNHAP/agricultural-crop-management-backend/src/main/java/org/example/QuanLyMuaVu/Service/AdminReportsService.java:[475,78] cannot find symbol
[ERROR]   symbol:   method getFarmName()
[ERROR]   location: variable farm of type org.example.QuanLyMuaVu.Entity.Farm
[ERROR] -> [Help 1]
[ERROR] 
[ERROR] To see the full stack trace of the errors, re-run Maven with the -e switch.
[ERROR] Re-run Maven using the -X switch to enable full debug logging.
[ERROR] 
[ERROR] For more information about the errors and possible solutions, please read the following articles:
[ERROR] [Help 1] http://cwiki.apache.org/confluence/display/MAVEN/MojoFailureException
